Using pre-set license
Built from '2020.3/staging' branch; Version is '2020.3.19f1 (68f137dc9bbe) revision 6877495'; Using compiler version '192528614'; Build Type 'Release'
OS: 'Windows 10 Home; OS build 19041.1415; Version 2004; 64bit' Language: 'en' Physical Memory: 12203 MB
BatchMode: 1, IsHumanControllingUs: 0, StartBugReporterOnCrash: 0, Is64bit: 1, IsPro: 0

COMMAND LINE ARGUMENTS:
E:\Unity\2020.3.19f1\Editor\Unity.exe
-adb2
-batchMode
-noUpm
-name
AssetImportWorker0
-projectPath
E:/GitHub/Repos/Tower-Defense-Prototype/TDP - Tower Defense Prototype
-logFile
Logs/AssetImportWorker0.log
-srvPort
49590
Successfully changed project path to: E:/GitHub/Repos/Tower-Defense-Prototype/TDP - Tower Defense Prototype
E:/GitHub/Repos/Tower-Defense-Prototype/TDP - Tower Defense Prototype
Using Asset Import Pipeline V2.
Refreshing native plugins compatible for Editor in 29.85 ms, found 2 plugins.
Preloading 0 native plugins for Editor in 0.00 ms.
Initialize engine version: 2020.3.19f1 (68f137dc9bbe)
[Subsystems] Discovering subsystems at path E:/Unity/2020.3.19f1/Editor/Data/Resources/UnitySubsystems
[Subsystems] Discovering subsystems at path E:/GitHub/Repos/Tower-Defense-Prototype/TDP - Tower Defense Prototype/Assets
GfxDevice: creating device client; threaded=0
Direct3D:
    Version:  Direct3D 11.0 [level 11.1]
    Renderer: Intel(R) UHD Graphics 620 (ID=0x5917)
    Vendor:   
    VRAM:     6101 MB
    Driver:   27.20.100.9171
Initialize mono
Mono path[0] = 'E:/Unity/2020.3.19f1/Editor/Data/Managed'
Mono path[1] = 'E:/Unity/2020.3.19f1/Editor/Data/MonoBleedingEdge/lib/mono/unityjit'
Mono config path = 'E:/Unity/2020.3.19f1/Editor/Data/MonoBleedingEdge/etc'
Using monoOptions --debugger-agent=transport=dt_socket,embedding=1,server=y,suspend=n,address=127.0.0.1:56000
Begin MonoManager ReloadAssembly
Registering precompiled unity dll's ...
Register platform support module: E:/Unity/2020.3.19f1/Editor/Data/PlaybackEngines/WindowsStandaloneSupport/UnityEditor.WindowsStandalone.Extensions.dll
Registered in 0.001930 seconds.
Native extension for WindowsStandalone target not found
Refreshing native plugins compatible for Editor in 28.85 ms, found 2 plugins.
Preloading 0 native plugins for Editor in 0.00 ms.
Mono: successfully reloaded assembly
- Completed reload, in  1.217 seconds
Domain Reload Profiling:
	ReloadAssembly (1217ms)
		BeginReloadAssembly (77ms)
			ExecutionOrderSort (0ms)
			DisableScriptedObjects (0ms)
			BackupInstance (0ms)
			ReleaseScriptingObjects (0ms)
			CreateAndSetChildDomain (1ms)
		EndReloadAssembly (438ms)
			LoadAssemblies (75ms)
			RebuildTransferFunctionScriptingTraits (0ms)
			SetupTypeCache (167ms)
			ReleaseScriptCaches (0ms)
			RebuildScriptCaches (34ms)
			SetupLoadedEditorAssemblies (169ms)
				LogAssemblyErrors (0ms)
				InitializePlatformSupportModulesInManaged (4ms)
				SetLoadedEditorAssemblies (0ms)
				RefreshPlugins (29ms)
				BeforeProcessingInitializeOnLoad (15ms)
				ProcessInitializeOnLoadAttributes (89ms)
				ProcessInitializeOnLoadMethodAttributes (30ms)
				AfterProcessingInitializeOnLoad (0ms)
				EditorAssembliesLoaded (0ms)
			ExecutionOrderSort2 (0ms)
			AwakeInstancesAfterBackupRestoration (0ms)
Platform modules already initialized, skipping
Registering precompiled user dll's ...
Registered in 0.002483 seconds.
Begin MonoManager ReloadAssembly
Native extension for WindowsStandalone target not found
Refreshing native plugins compatible for Editor in 0.35 ms, found 2 plugins.
Preloading 0 native plugins for Editor in 0.00 ms.
Mono: successfully reloaded assembly
- Completed reload, in  1.104 seconds
Domain Reload Profiling:
	ReloadAssembly (1104ms)
		BeginReloadAssembly (169ms)
			ExecutionOrderSort (0ms)
			DisableScriptedObjects (5ms)
			BackupInstance (0ms)
			ReleaseScriptingObjects (0ms)
			CreateAndSetChildDomain (19ms)
		EndReloadAssembly (873ms)
			LoadAssemblies (105ms)
			RebuildTransferFunctionScriptingTraits (0ms)
			SetupTypeCache (291ms)
			ReleaseScriptCaches (0ms)
			RebuildScriptCaches (48ms)
			SetupLoadedEditorAssemblies (344ms)
				LogAssemblyErrors (0ms)
				InitializePlatformSupportModulesInManaged (5ms)
				SetLoadedEditorAssemblies (0ms)
				RefreshPlugins (0ms)
				BeforeProcessingInitializeOnLoad (87ms)
				ProcessInitializeOnLoadAttributes (240ms)
				ProcessInitializeOnLoadMethodAttributes (6ms)
				AfterProcessingInitializeOnLoad (5ms)
				EditorAssembliesLoaded (0ms)
			ExecutionOrderSort2 (0ms)
			AwakeInstancesAfterBackupRestoration (7ms)
Platform modules already initialized, skipping
========================================================================
Worker process is ready to serve import requests
Launched and connected shader compiler UnityShaderCompiler.exe after 0.16 seconds
Refreshing native plugins compatible for Editor in 0.70 ms, found 2 plugins.
Preloading 0 native plugins for Editor in 0.00 ms.
Unloading 1397 Unused Serialized files (Serialized files now loaded: 0)
System memory in use before: 64.8 MB.
System memory in use after: 64.9 MB.

Unloading 16 unused Assets to reduce memory usage. Loaded Objects now: 1832.
Total: 5.314000 ms (FindLiveObjects: 0.319000 ms CreateObjectMapping: 0.131900 ms MarkObjects: 4.748500 ms  DeleteObjects: 0.112300 ms)

AssetImportParameters requested are different than current active one (requested -> active):
  custom:framework-win-MediaFoundation: 216162199b28c13a410421893ffa2e32 -> 
  custom:video-decoder-ogg-theora: a1e56fd34408186e4bbccfd4996cb3dc -> 
  custom:container-muxer-webm: aa71ff27fc2769a1b78a27578f13a17b -> 
  custom:container-demuxer-webm: 4f35f7cbe854078d1ac9338744f61a02 -> 
  custom:container-demuxer-ogg: 62fdf1f143b41e24485cea50d1cbac27 -> 
  custom:video-encoder-webm-vp8: eb34c28f22e8b96e1ab97ce403110664 -> 
  custom:video-decoder-webm-vp8: 9c59270c3fd7afecdb556c50c9e8de78 -> 
  custom:audio-decoder-ogg-vorbis: bf7c407c2cedff20999df2af8eb42d56 -> 
  custom:audio-encoder-webm-vorbis: bf7c407c2cedff20999df2af8eb42d56 -> 
========================================================================
Received Import Request.
  path: Assets/Grass Plains lvl 1 TDP 1.fbx
  artifactKey: Guid(8dd473a6df2fbfe418e8d132ef9e1958) Importer(815301076,1909f56bfc062723c751e8b465ee728b)
Start importing Assets/Grass Plains lvl 1 TDP 1.fbx using Guid(8dd473a6df2fbfe418e8d132ef9e1958) Importer(815301076,1909f56bfc062723c751e8b465ee728b)  -> (artifact id: 'b77dc0832acb14500239e93b03e54eda') in 0.668266 seconds 
  Import took 0.717934 seconds .

========================================================================
Received Import Request.
  Time since last request: 793.017574 seconds.
  path: Assets/Gatehouse TDP.fbx
  artifactKey: Guid(359c9b0f633103047aa04a0345743ed5) Importer(815301076,1909f56bfc062723c751e8b465ee728b)
Start importing Assets/Gatehouse TDP.fbx using Guid(359c9b0f633103047aa04a0345743ed5) Importer(815301076,1909f56bfc062723c751e8b465ee728b)  -> (artifact id: 'a058668872d0c04f4a842cbc6c622fe7') in 0.157868 seconds 
  Import took 0.174690 seconds .

========================================================================
Received Import Request.
  Time since last request: 403.440506 seconds.
  path: Assets/New Material.mat
  artifactKey: Guid(13ef300cabc4470418ddc28744d359e9) Importer(815301076,1909f56bfc062723c751e8b465ee728b)
Start importing Assets/New Material.mat using Guid(13ef300cabc4470418ddc28744d359e9) Importer(815301076,1909f56bfc062723c751e8b465ee728b)  -> (artifact id: 'ac26b0e30e34e609446d28c9479fcfbe') in 0.056378 seconds 
  Import took 0.075726 seconds .

========================================================================
Received Import Request.
  Time since last request: 245.412236 seconds.
  path: Assets/Portal.mat
  artifactKey: Guid(13ef300cabc4470418ddc28744d359e9) Importer(815301076,1909f56bfc062723c751e8b465ee728b)
Start importing Assets/Portal.mat using Guid(13ef300cabc4470418ddc28744d359e9) Importer(815301076,1909f56bfc062723c751e8b465ee728b)  -> (artifact id: '144693b266d9559bbf6d93aeb350fc4f') in 0.035596 seconds 
  Import took 0.049043 seconds .

========================================================================
Received Import Request.
  Time since last request: 536.063560 seconds.
  path: Assets/Gatehouse TDP 2.fbx
  artifactKey: Guid(65e98d1e5de6ee041bf0588baf49c310) Importer(815301076,1909f56bfc062723c751e8b465ee728b)
Start importing Assets/Gatehouse TDP 2.fbx using Guid(65e98d1e5de6ee041bf0588baf49c310) Importer(815301076,1909f56bfc062723c751e8b465ee728b)  -> (artifact id: 'd97b12c6027fa4df0a015c3f34a4d640') in 0.111747 seconds 
  Import took 0.126025 seconds .

========================================================================
Received Import Request.
  Time since last request: 327.042526 seconds.
  path: Assets/Materials
  artifactKey: Guid(e0a62b6ccaf6066498c2f4f5b9fbe7f1) Importer(815301076,1909f56bfc062723c751e8b465ee728b)
Start importing Assets/Materials using Guid(e0a62b6ccaf6066498c2f4f5b9fbe7f1) Importer(815301076,1909f56bfc062723c751e8b465ee728b)  -> (artifact id: '705febedbf5df7abfeabb105181cbf47') in 0.015660 seconds 
  Import took 0.025961 seconds .

========================================================================
Received Import Request.
  Time since last request: 11.859816 seconds.
  path: Assets/Imported
  artifactKey: Guid(27abe1332c0a9b84f91cd9faca1fea61) Importer(815301076,1909f56bfc062723c751e8b465ee728b)
Start importing Assets/Imported using Guid(27abe1332c0a9b84f91cd9faca1fea61) Importer(815301076,1909f56bfc062723c751e8b465ee728b)  -> (artifact id: '180c27d0a8638119b83535ad15b70ca0') in 0.012768 seconds 
  Import took 0.018400 seconds .

========================================================================
Received Import Request.
  Time since last request: 227.529080 seconds.
  path: Assets/Enemy.prefab
  artifactKey: Guid(76581940ca8668646ac97d24749818c9) Importer(815301076,1909f56bfc062723c751e8b465ee728b)
Start importing Assets/Enemy.prefab using Guid(76581940ca8668646ac97d24749818c9) Importer(815301076,1909f56bfc062723c751e8b465ee728b)  -> (artifact id: 'dc1b17339b537e77d35eab829bdb5140') in 0.084600 seconds 
  Import took 0.099388 seconds .

========================================================================
Received Import Request.
  Time since last request: 54.482426 seconds.
  path: Assets/Enemy Mat.mat
  artifactKey: Guid(082a87b8eb2a7ba4f96d0c5828176b53) Importer(815301076,1909f56bfc062723c751e8b465ee728b)
Start importing Assets/Enemy Mat.mat using Guid(082a87b8eb2a7ba4f96d0c5828176b53) Importer(815301076,1909f56bfc062723c751e8b465ee728b)  -> (artifact id: '56c65dbe3d77e68306dd884a447795a9') in 0.030204 seconds 
  Import took 0.045416 seconds .

========================================================================
Received Import Request.
  Time since last request: 193.123802 seconds.
  path: Assets/Enemy.prefab
  artifactKey: Guid(76581940ca8668646ac97d24749818c9) Importer(815301076,1909f56bfc062723c751e8b465ee728b)
Start importing Assets/Enemy.prefab using Guid(76581940ca8668646ac97d24749818c9) Importer(815301076,1909f56bfc062723c751e8b465ee728b)  -> (artifact id: 'f8f4baf8f9e4b6fa271561303a4167f3') in 0.024982 seconds 
  Import took 0.047455 seconds .

========================================================================
Received Import Request.
  Time since last request: 16.914523 seconds.
  path: Assets/Prefab
  artifactKey: Guid(7c9ad861c9c6b7f488b4dc6113b12297) Importer(815301076,1909f56bfc062723c751e8b465ee728b)
Start importing Assets/Prefab using Guid(7c9ad861c9c6b7f488b4dc6113b12297) Importer(815301076,1909f56bfc062723c751e8b465ee728b)  -> (artifact id: '99e03a2c1999b1239d7b4d74937cf427') in 0.016685 seconds 
  Import took 0.025564 seconds .

========================================================================
Received Import Request.
  Time since last request: 161.935216 seconds.
  path: Assets/Waypoint.prefab
  artifactKey: Guid(41289dd7f7b4e214e8e165390800df40) Importer(815301076,1909f56bfc062723c751e8b465ee728b)
Start importing Assets/Waypoint.prefab using Guid(41289dd7f7b4e214e8e165390800df40) Importer(815301076,1909f56bfc062723c751e8b465ee728b)  -> (artifact id: '861a7b654eaa776ed042e98567e6632d') in 0.016743 seconds 
  Import took 0.036132 seconds .

AssetImportWorkerClient::OnTransportError - code=2 error=End of file
